0 info it worked if it ends with ok
1 verbose cli [ '/usr/local/bin/node', '/usr/local/bin/npm', 'run', 'build' ]
2 info using npm@3.9.5
3 info using node@v6.2.2
4 verbose run-script [ 'prebuild', 'build', 'postbuild' ]
5 info lifecycle illiniorganiser@1.0.0~prebuild: illiniorganiser@1.0.0
6 silly lifecycle illiniorganiser@1.0.0~prebuild: no script for prebuild, continuing
7 info lifecycle illiniorganiser@1.0.0~build: illiniorganiser@1.0.0
8 verbose lifecycle illiniorganiser@1.0.0~build: unsafe-perm in lifecycle true
9 verbose lifecycle illiniorganiser@1.0.0~build: PATH: /usr/local/lib/node_modules/npm/bin/node-gyp-bin:/Users/johnqian/Documents/College/CS196/illiniorganiser/node_modules/.bin:/usr/local/bin:/Users/johnqian/.local/share/virtualenvs/illiniorganiser-sMBxFtlA/bin:/Library/Frameworks/Python.framework/Versions/3.6/bin:/Users/johnqian/.rvm/gems/ruby-2.4.2/bin:/Users/johnqian/.rvm/gems/ruby-2.4.2@global/bin:/Users/johnqian/.rvm/rubies/ruby-2.4.2/bin:/Library/Frameworks/Python.framework/Versions/3.4/bin:/usr/local/bin:/usr/bin:/bin:/usr/sbin:/sbin:/Applications/MAMP/Library/bin:/usr/local/git/bin:/Library/Frameworks/Python.framework/Versions/3.6/bin:/Users/johnqian/.rvm/gems/ruby-2.4.2/bin:/Users/johnqian/.rvm/gems/ruby-2.4.2@global/bin:/Users/johnqian/.rvm/rubies/ruby-2.4.2/bin:/Library/Frameworks/Python.framework/Versions/3.4/bin:/usr/local/mysql/bin:/Users/johnqian/.rvm/bin:/usr/local/mysql/bin:/Users/johnqian/.rvm/bin
10 verbose lifecycle illiniorganiser@1.0.0~build: CWD: /Users/johnqian/Documents/College/CS196/illiniorganiser
11 silly lifecycle illiniorganiser@1.0.0~build: Args: [ '-c', 'webpack-dev-server' ]
12 silly lifecycle illiniorganiser@1.0.0~build: Returned: code: 1  signal: null
13 info lifecycle illiniorganiser@1.0.0~build: Failed to exec build script
14 verbose stack Error: illiniorganiser@1.0.0 build: `webpack-dev-server`
14 verbose stack Exit status 1
14 verbose stack     at EventEmitter.<anonymous> (/usr/local/lib/node_modules/npm/lib/utils/lifecycle.js:245:16)
14 verbose stack     at emitTwo (events.js:106:13)
14 verbose stack     at EventEmitter.emit (events.js:191:7)
14 verbose stack     at ChildProcess.<anonymous> (/usr/local/lib/node_modules/npm/lib/utils/spawn.js:24:14)
14 verbose stack     at emitTwo (events.js:106:13)
14 verbose stack     at ChildProcess.emit (events.js:191:7)
14 verbose stack     at maybeClose (internal/child_process.js:852:16)
14 verbose stack     at Process.ChildProcess._handle.onexit (internal/child_process.js:215:5)
15 verbose pkgid illiniorganiser@1.0.0
16 verbose cwd /Users/johnqian/Documents/College/CS196/illiniorganiser
17 error Darwin 17.2.0
18 error argv "/usr/local/bin/node" "/usr/local/bin/npm" "run" "build"
19 error node v6.2.2
20 error npm  v3.9.5
21 error code ELIFECYCLE
22 error illiniorganiser@1.0.0 build: `webpack-dev-server`
22 error Exit status 1
23 error Failed at the illiniorganiser@1.0.0 build script 'webpack-dev-server'.
23 error Make sure you have the latest version of node.js and npm installed.
23 error If you do, this is most likely a problem with the illiniorganiser package,
23 error not with npm itself.
23 error Tell the author that this fails on your system:
23 error     webpack-dev-server
23 error You can get information on how to open an issue for this project with:
23 error     npm bugs illiniorganiser
23 error Or if that isn't available, you can get their info via:
23 error     npm owner ls illiniorganiser
23 error There is likely additional logging output above.
24 verbose exit [ 1, true ]
